<?xml version="1.0" encoding="UTF-8"?>
<testng-results ignored="0" total="3" passed="3" failed="0" skipped="0">
  <reporter-output>
  </reporter-output>
  <suite started-at="2022-10-19T12:09:27 GMT-04:00" name="Page Object test example" finished-at="2022-10-19T12:10:40 GMT-04:00" duration-ms="72494">
    <groups>
    </groups>
    <test started-at="2022-10-19T12:09:27 GMT-04:00" name="test-1" finished-at="2022-10-19T12:10:40 GMT-04:00" duration-ms="72494">
      <class name="com.orangeHRM.test.OrangeHRM_Login">
        <test-method is-config="true" signature="SetUp()[pri:0, instance:com.orangeHRM.test.OrangeHRM_Login@60015ef5]" started-at="2022-10-19T12:09:27 GMT-04:00" name="SetUp" finished-at="2022-10-19T12:09:28 GMT-04:00" duration-ms="661" status="PASS">
          <reporter-output>
          </reporter-output>
        </test-method> <!-- SetUp -->
        <test-method is-config="true" signature="initializeTestBaseSetup(java.lang.String,java.lang.String)[pri:0, instance:com.orangeHRM.test.OrangeHRM_Login@60015ef5]" started-at="2022-10-19T12:09:28 GMT-04:00" name="initializeTestBaseSetup" finished-at="2022-10-19T12:10:07 GMT-04:00" duration-ms="38997" status="PASS">
          <params>
            <param index="0">
              <value>
                <![CDATA[chrome]]>
              </value>
            </param>
            <param index="1">
              <value>
                <![CDATA[https://opensource-demo.orangehrmlive.com/web/index.php/auth/login]]>
              </value>
            </param>
          </params>
          <reporter-output>
          </reporter-output>
        </test-method> <!-- initializeTestBaseSetup -->
        <test-method is-config="true" signature="setUp()[pri:0, instance:com.orangeHRM.test.OrangeHRM_Login@60015ef5]" started-at="2022-10-19T12:10:07 GMT-04:00" name="setUp" finished-at="2022-10-19T12:10:07 GMT-04:00" duration-ms="57" status="PASS">
          <reporter-output>
          </reporter-output>
        </test-method> <!-- setUp -->
        <test-method signature="VerifyLoginurlTest(java.lang.String,java.lang.String)[pri:1, instance:com.orangeHRM.test.OrangeHRM_Login@60015ef5]" started-at="2022-10-19T12:10:07 GMT-04:00" name="VerifyLoginurlTest" description="verifySignInPageURL() method call for URL verification" data-provider="Login" finished-at="2022-10-19T12:10:21 GMT-04:00" duration-ms="14274" status="PASS">
          <params>
            <param index="0">
              <value>
                <![CDATA[Admin]]>
              </value>
            </param>
            <param index="1">
              <value>
                <![CDATA[admin123]]>
              </value>
            </param>
          </params>
          <reporter-output>
          </reporter-output>
        </test-method> <!-- VerifyLoginurlTest -->
        <test-method is-config="true" signature="tearDown(org.testng.ITestResult)[pri:0, instance:com.orangeHRM.test.OrangeHRM_Login@60015ef5]" started-at="2022-10-19T12:10:21 GMT-04:00" name="tearDown" finished-at="2022-10-19T12:10:21 GMT-04:00" duration-ms="14" status="PASS">
          <params>
            <param index="0">
              <value>
                <![CDATA[[TestResult name=VerifyLoginurlTest status=SUCCESS method=OrangeHRM_Login.VerifyLoginurlTest(java.lang.String,java.lang.String)[pri:1, instance:com.orangeHRM.test.OrangeHRM_Login@60015ef5] output={null}]]]>
              </value>
            </param>
          </params>
          <reporter-output>
          </reporter-output>
        </test-method> <!-- tearDown -->
        <test-method signature="VerifyLogintextTest(java.lang.String,java.lang.String)[pri:2, instance:com.orangeHRM.test.OrangeHRM_Login@60015ef5]" started-at="2022-10-19T12:10:21 GMT-04:00" name="VerifyLogintextTest" description="verifySignInPageText() method call for Tab verification" data-provider="Login" finished-at="2022-10-19T12:10:33 GMT-04:00" duration-ms="11823" status="PASS">
          <params>
            <param index="0">
              <value>
                <![CDATA[Admin]]>
              </value>
            </param>
            <param index="1">
              <value>
                <![CDATA[admin123]]>
              </value>
            </param>
          </params>
          <reporter-output>
          </reporter-output>
        </test-method> <!-- VerifyLogintextTest -->
        <test-method is-config="true" signature="tearDown(org.testng.ITestResult)[pri:0, instance:com.orangeHRM.test.OrangeHRM_Login@60015ef5]" started-at="2022-10-19T12:10:33 GMT-04:00" name="tearDown" finished-at="2022-10-19T12:10:33 GMT-04:00" duration-ms="1" status="PASS">
          <params>
            <param index="0">
              <value>
                <![CDATA[[TestResult name=VerifyLogintextTest status=SUCCESS method=OrangeHRM_Login.VerifyLogintextTest(java.lang.String,java.lang.String)[pri:2, instance:com.orangeHRM.test.OrangeHRM_Login@60015ef5] output={null}]]]>
              </value>
            </param>
          </params>
          <reporter-output>
          </reporter-output>
        </test-method> <!-- tearDown -->
        <test-method signature="logoVerifyTest()[pri:3, instance:com.orangeHRM.test.OrangeHRM_Login@60015ef5]" started-at="2022-10-19T12:10:33 GMT-04:00" name="logoVerifyTest" description="validateLogo() method call for logo verification" finished-at="2022-10-19T12:10:37 GMT-04:00" duration-ms="3817" status="PASS">
          <reporter-output>
          </reporter-output>
        </test-method> <!-- logoVerifyTest -->
        <test-method is-config="true" signature="tearDown(org.testng.ITestResult)[pri:0, instance:com.orangeHRM.test.OrangeHRM_Login@60015ef5]" started-at="2022-10-19T12:10:37 GMT-04:00" name="tearDown" finished-at="2022-10-19T12:10:37 GMT-04:00" duration-ms="1" status="PASS">
          <params>
            <param index="0">
              <value>
                <![CDATA[[TestResult name=logoVerifyTest status=SUCCESS method=OrangeHRM_Login.logoVerifyTest()[pri:3, instance:com.orangeHRM.test.OrangeHRM_Login@60015ef5] output={null}]]]>
              </value>
            </param>
          </params>
          <reporter-output>
          </reporter-output>
        </test-method> <!-- tearDown -->
        <test-method is-config="true" signature="tearDown()[pri:0, instance:com.orangeHRM.test.OrangeHRM_Login@60015ef5]" started-at="2022-10-19T12:10:37 GMT-04:00" name="tearDown" finished-at="2022-10-19T12:10:40 GMT-04:00" duration-ms="2763" status="PASS">
          <reporter-output>
          </reporter-output>
        </test-method> <!-- tearDown -->
      </class> <!-- com.orangeHRM.test.OrangeHRM_Login -->
    </test> <!-- test-1 -->
  </suite> <!-- Page Object test example -->
</testng-results>
