<?xml version="1.0" encoding="UTF-8"?>
<testsuite xmlns:xsi="http://www.w3.org/2001/XMLSchema-instance" xsi:schemaLocation="https://maven.apache.org/surefire/maven-surefire-plugin/xsd/surefire-test-report.xsd" name="TestSuite" time="73.615" tests="3" errors="0" skipped="0" failures="0">
  <properties>
[...]
</properties>
  <testcase name="VerifyLoginurlTest" classname="com.orangeHRM.test.OrangeHRM_Login" time="14.287"/>
  <testcase name="VerifyLogintextTest" classname="com.orangeHRM.test.OrangeHRM_Login" time="11.818"/>
  <testcase name="logoVerifyTest" classname="com.orangeHRM.test.OrangeHRM_Login" time="3.81"/>
</testsuite>